<?xml version="1.0" encoding="UTF-8"?>
<!-- Generated by org.testng.reporters.JUnitReportReporter -->
<testsuite skipped="0" hostname="00077UU" name="qumu.RunnerTest" tests="2" failures="0" timestamp="2020-12-21T00:35:43 GMT" time="18.706" errors="0">
  <testcase name="feature" time="6.329" classname="qumu.RunnerTest"/>
  <testcase name="feature" time="12.377" classname="qumu.RunnerTest"/>
</testsuite> <!-- qumu.RunnerTest -->
